<?xml version="1.0" encoding="UTF-8" ?>
<testsuite tests="4" failures="0" name="com.mycompany.mavencalculadora.mavenCalculatorTest" time="0.003" errors="0" skipped="0">
  <properties>
[...]
</properties>
  <testcase classname="com.mycompany.mavencalculadora.mavenCalculatorTest" name="testAdd" time="0.003"/>
  <testcase classname="com.mycompany.mavencalculadora.mavenCalculatorTest" name="testSubtract" time="0"/>
  <testcase classname="com.mycompany.mavencalculadora.mavenCalculatorTest" name="testMultipy" time="0"/>
  <testcase classname="com.mycompany.mavencalculadora.mavenCalculatorTest" name="testDivide" time="0"/>
</testsuite>